  DeviceEnumerator.cpp
  MyForm.cpp
c:\users\ywchen\desktop\winform_lrsensor\winform_lrsensor\Pt.h(42): warning C4267: '正在初始化': 將 'size_t' 轉換為 'uint'，資料可能遺失
c:\users\ywchen\desktop\winform_lrsensor\winform_lrsensor\Pt.h(43): warning C4267: '正在初始化': 將 'size_t' 轉換為 'uint'，資料可能遺失
c:\users\ywchen\desktop\winform_lrsensor\winform_lrsensor\MyForm.h(1463): warning C4996: '_sleep': This function or variable has been superceded by newer library or operating system functionality. Consider using Sleep instead. See online help for details.
  C:\Program Files (x86)\Windows Kits\10\Include\10.0.10240.0\ucrt\stdlib.h(1266): note: 請參閱 '_sleep' 的宣告
c:\users\ywchen\desktop\winform_lrsensor\winform_lrsensor\MyForm.h(1662): warning C4996: 'sprintf': This function or variable may be unsafe. Consider using sprintf_s instead. To disable deprecation, use _CRT_SECURE_NO_WARNINGS. See online help for details.
  C:\Program Files (x86)\Windows Kits\10\Include\10.0.10240.0\ucrt\stdio.h(1769): note: 請參閱 'sprintf' 的宣告
c:\users\ywchen\desktop\winform_lrsensor\winform_lrsensor\MyForm.h(1708): warning C4996: '_sleep': This function or variable has been superceded by newer library or operating system functionality. Consider using Sleep instead. See online help for details.
  C:\Program Files (x86)\Windows Kits\10\Include\10.0.10240.0\ucrt\stdlib.h(1266): note: 請參閱 '_sleep' 的宣告
c:\users\ywchen\desktop\winform_lrsensor\winform_lrsensor\MyForm.h(1849): warning C4018: '<': signed/unsigned 不相符
c:\users\ywchen\desktop\winform_lrsensor\winform_lrsensor\MyForm.h(2053): error C2661: 'cv::VideoCapture::open': 多載函式不使用 0 引數
c:\users\ywchen\desktop\winform_lrsensor\winform_lrsensor\MyForm.h(2116): warning C4244: '=': 將 'double' 轉換為 'time_t'，由於類型不同，可能導致資料遺失
c:\users\ywchen\desktop\winform_lrsensor\winform_lrsensor\MyForm.h(2120): warning C4244: '正在初始化': 將 'double' 轉換為 'time_t'，由於類型不同，可能導致資料遺失
c:\users\ywchen\desktop\winform_lrsensor\winform_lrsensor\MyForm.h(2143): warning C4996: 'sprintf': This function or variable may be unsafe. Consider using sprintf_s instead. To disable deprecation, use _CRT_SECURE_NO_WARNINGS. See online help for details.
  C:\Program Files (x86)\Windows Kits\10\Include\10.0.10240.0\ucrt\stdio.h(1769): note: 請參閱 'sprintf' 的宣告
  Pt.cpp
c:\users\ywchen\desktop\winform_lrsensor\winform_lrsensor\Pt.h(42): warning C4267: '正在初始化': 將 'size_t' 轉換為 'uint'，資料可能遺失
c:\users\ywchen\desktop\winform_lrsensor\winform_lrsensor\Pt.h(43): warning C4267: '正在初始化': 將 'size_t' 轉換為 'uint'，資料可能遺失
Pt.cpp(75): warning C4267: '正在初始化': 將 'size_t' 轉換為 'uint32_t'，資料可能遺失
Pt.cpp(138): warning C4267: '正在初始化': 將 'size_t' 轉換為 'int'，資料可能遺失
Pt.cpp(203): warning C4018: '<': signed/unsigned 不相符
  正在產生程式碼...
c:\opencv342\build\include\opencv2\core\cvstd.hpp(575): warning C4793: 'cv::String::String': 函式會編譯成機器碼:
  	找到 Managed 程式碼中不支援的內建
c:\opencv342\build\include\opencv2\core\mat.inl.hpp(483): warning C4793: 'cv::Mat::Mat': 函式會編譯成機器碼:
  	找到 Managed 程式碼中不支援的內建
c:\opencv342\build\include\opencv2\core\mat.inl.hpp(807): warning C4793: 'cv::Mat::release': 函式會編譯成機器碼:
  	找到 Managed 程式碼中不支援的內建
c:\opencv342\build\include\opencv2\core\mat.inl.hpp(2141): warning C4793: 'cv::SparseMat::addref': 函式會編譯成機器碼:
  	找到 Managed 程式碼中不支援的內建
c:\opencv342\build\include\opencv2\core\mat.inl.hpp(3741): warning C4793: 'cv::UMat::addref': 函式會編譯成機器碼:
  	找到 Managed 程式碼中不支援的內建
c:\opencv342\build\include\opencv2\core\ptr.inl.hpp(67): warning C4793: 'cv::detail::PtrOwner::incRef': 函式會編譯成機器碼:
  	找到 Managed 程式碼中不支援的內建
c:\opencv342\build\include\opencv2\core\ptr.inl.hpp(72): warning C4793: 'cv::detail::PtrOwner::decRef': 函式會編譯成機器碼:
  	找到 Managed 程式碼中不支援的內建
c:\opencv342\build\include\opencv2\core\mat.inl.hpp(705): warning C4793: 'cv::Mat::operator=': 函式會編譯成機器碼:
  	找到 Managed 程式碼中不支援的內建
c:\opencv342\build\include\opencv2\core\mat.inl.hpp(807): warning C4793: 'cv::Mat::release': 函式會編譯成機器碼:
  	找到 Managed 程式碼中不支援的內建
