  Pt.cpp
c:\users\ywchen1994\desktop\winform_lrsensor\winform_lrsensor\Pt.h(46): warning C4267: '正在初始化': 將 'size_t' 轉換為 'uint'，資料可能遺失
c:\users\ywchen1994\desktop\winform_lrsensor\winform_lrsensor\Pt.h(47): warning C4267: '正在初始化': 將 'size_t' 轉換為 'uint'，資料可能遺失
Pt.cpp(76): warning C4267: '正在初始化': 將 'size_t' 轉換為 'uint32_t'，資料可能遺失
Pt.cpp(143): warning C4267: '正在初始化': 將 'size_t' 轉換為 'int'，資料可能遺失
Pt.cpp(208): warning C4018: '<': signed/unsigned 不相符
c:\opencv342\build\include\opencv2\core\cvstd.hpp(575): warning C4793: 'cv::String::String': 函式會編譯成機器碼:
  	找到 Managed 程式碼中不支援的內建
c:\opencv342\build\include\opencv2\core\mat.inl.hpp(483): warning C4793: 'cv::Mat::Mat': 函式會編譯成機器碼:
  	找到 Managed 程式碼中不支援的內建
c:\opencv342\build\include\opencv2\core\mat.inl.hpp(807): warning C4793: 'cv::Mat::release': 函式會編譯成機器碼:
  	找到 Managed 程式碼中不支援的內建
c:\opencv342\build\include\opencv2\core\mat.inl.hpp(2141): warning C4793: 'cv::SparseMat::addref': 函式會編譯成機器碼:
  	找到 Managed 程式碼中不支援的內建
c:\opencv342\build\include\opencv2\core\mat.inl.hpp(3741): warning C4793: 'cv::UMat::addref': 函式會編譯成機器碼:
  	找到 Managed 程式碼中不支援的內建
c:\opencv342\build\include\opencv2\core\ptr.inl.hpp(67): warning C4793: 'cv::detail::PtrOwner::incRef': 函式會編譯成機器碼:
  	找到 Managed 程式碼中不支援的內建
c:\opencv342\build\include\opencv2\core\ptr.inl.hpp(72): warning C4793: 'cv::detail::PtrOwner::decRef': 函式會編譯成機器碼:
  	找到 Managed 程式碼中不支援的內建
c:\opencv342\build\include\opencv2\core\mat.inl.hpp(705): warning C4793: 'cv::Mat::operator=': 函式會編譯成機器碼:
  	找到 Managed 程式碼中不支援的內建
  DeviceEnumerator.obj : Managed 程式碼存在時不支援 /DEBUG:FASTLINK; 正在以 /DEBUG:FULL 重新啟動連結
  WinForm_LRSensor.vcxproj -> C:\Users\ywChen1994\Desktop\WinForm_LRSensor\x64\Debug\WinForm_LRSensor.exe
  WinForm_LRSensor.vcxproj -> C:\Users\ywChen1994\Desktop\WinForm_LRSensor\x64\Debug\WinForm_LRSensor.pdb (Partial PDB)
