c:\users\ywchen1994\documents\visual studio 2015\projects\winform_lrsensor\winform_lrsensor\x64\debug\vc140.pdb
c:\users\ywchen1994\documents\visual studio 2015\projects\winform_lrsensor\winform_lrsensor\x64\debug\pt.obj
c:\users\ywchen1994\documents\visual studio 2015\projects\winform_lrsensor\winform_lrsensor\x64\debug\myform.obj
c:\users\ywchen1994\documents\visual studio 2015\projects\winform_lrsensor\winform_lrsensor\x64\debug\deviceenumerator.obj
c:\users\ywchen1994\documents\visual studio 2015\projects\winform_lrsensor\winform_lrsensor\x64\debug\.netframework,version=v4.5.2.assemblyattributes.obj
c:\users\ywchen1994\documents\visual studio 2015\projects\winform_lrsensor\winform_lrsensor\x64\debug\.netframework,version=v4.5.2.assemblyattributes.asm
c:\users\ywchen1994\documents\visual studio 2015\projects\winform_lrsensor\x64\debug\winform_lrsensor.exe
c:\users\ywchen1994\documents\visual studio 2015\projects\winform_lrsensor\x64\debug\winform_lrsensor.pdb
c:\users\ywchen1994\documents\visual studio 2015\projects\winform_lrsensor\winform_lrsensor\x64\debug\winform_lrsensor.myform.resources
c:\users\ywchen1994\documents\visual studio 2015\projects\winform_lrsensor\winform_lrsensor\x64\debug\winform_lrsensor.vcxproj.generateresource.cache
c:\users\ywchen1994\documents\visual studio 2015\projects\winform_lrsensor\winform_lrsensor\x64\debug\winform_lrsensor.vcxprojresolveassemblyreference.cache
c:\users\ywchen1994\documents\visual studio 2015\projects\winform_lrsensor\winform_lrsensor\x64\debug\winform_lrsensor.tlog\cl.command.1.tlog
c:\users\ywchen1994\documents\visual studio 2015\projects\winform_lrsensor\winform_lrsensor\x64\debug\winform_lrsensor.tlog\cl.read.1.tlog
c:\users\ywchen1994\documents\visual studio 2015\projects\winform_lrsensor\winform_lrsensor\x64\debug\winform_lrsensor.tlog\cl.write.1.tlog
c:\users\ywchen1994\documents\visual studio 2015\projects\winform_lrsensor\winform_lrsensor\x64\debug\winform_lrsensor.tlog\link.command.1.tlog
c:\users\ywchen1994\documents\visual studio 2015\projects\winform_lrsensor\winform_lrsensor\x64\debug\winform_lrsensor.tlog\link.read.1.tlog
c:\users\ywchen1994\documents\visual studio 2015\projects\winform_lrsensor\winform_lrsensor\x64\debug\winform_lrsensor.tlog\link.write.1.tlog
c:\users\ywchen1994\documents\visual studio 2015\projects\winform_lrsensor\winform_lrsensor\x64\debug\winform_lrsensor.tlog\metagen.read.1.tlog
c:\users\ywchen1994\documents\visual studio 2015\projects\winform_lrsensor\winform_lrsensor\x64\debug\winform_lrsensor.tlog\metagen.write.1.tlog
c:\users\ywchen1994\documents\visual studio 2015\projects\winform_lrsensor\winform_lrsensor\x64\debug\winform_lrsensor.tlog\winform_lrsensor.write.1u.tlog
c:\users\ywchen1994\documents\visual studio 2015\projects\winform_lrsensor\winform_lrsensor\x64\debug\winform_lrsensor.tlog\tzres.dll.bi
