c:\users\ywche\documents\visual studio 2015\projects\winform_lrsensor\winform_lrsensor\debug\vc140.pdb
c:\users\ywche\documents\visual studio 2015\projects\winform_lrsensor\winform_lrsensor\debug\deviceenumerator.obj
c:\users\ywche\documents\visual studio 2015\projects\winform_lrsensor\winform_lrsensor\debug\.netframework,version=v4.5.2.assemblyattributes.obj
c:\users\ywche\documents\visual studio 2015\projects\winform_lrsensor\winform_lrsensor\debug\.netframework,version=v4.5.2.assemblyattributes.asm
c:\users\ywche\documents\visual studio 2015\projects\winform_lrsensor\winform_lrsensor\debug\myform.obj
c:\users\ywche\documents\visual studio 2015\projects\winform_lrsensor\winform_lrsensor\debug\winform_lrsensor.myform.resources
c:\users\ywche\documents\visual studio 2015\projects\winform_lrsensor\winform_lrsensor\debug\winform_lrsensor.vcxproj.generateresource.cache
c:\users\ywche\documents\visual studio 2015\projects\winform_lrsensor\winform_lrsensor\debug\winform_lrsensor.vcxprojresolveassemblyreference.cache
c:\users\ywche\documents\visual studio 2015\projects\winform_lrsensor\debug\winform_lrsensor.pdb
c:\users\ywche\documents\visual studio 2015\projects\winform_lrsensor\winform_lrsensor\debug\winform_lrsensor.tlog\cl.command.1.tlog
c:\users\ywche\documents\visual studio 2015\projects\winform_lrsensor\winform_lrsensor\debug\winform_lrsensor.tlog\cl.read.1.tlog
c:\users\ywche\documents\visual studio 2015\projects\winform_lrsensor\winform_lrsensor\debug\winform_lrsensor.tlog\cl.write.1.tlog
c:\users\ywche\documents\visual studio 2015\projects\winform_lrsensor\winform_lrsensor\debug\winform_lrsensor.tlog\link.11056.9240-cvtres.read.1.tlog
c:\users\ywche\documents\visual studio 2015\projects\winform_lrsensor\winform_lrsensor\debug\winform_lrsensor.tlog\link.11056.9240-cvtres.write.1.tlog
c:\users\ywche\documents\visual studio 2015\projects\winform_lrsensor\winform_lrsensor\debug\winform_lrsensor.tlog\link.11056.9240-rc.read.1.tlog
c:\users\ywche\documents\visual studio 2015\projects\winform_lrsensor\winform_lrsensor\debug\winform_lrsensor.tlog\link.11056.9240-rc.write.1.tlog
c:\users\ywche\documents\visual studio 2015\projects\winform_lrsensor\winform_lrsensor\debug\winform_lrsensor.tlog\link.11056.9240.read.1.tlog
c:\users\ywche\documents\visual studio 2015\projects\winform_lrsensor\winform_lrsensor\debug\winform_lrsensor.tlog\link.11056.9240.write.1.tlog
c:\users\ywche\documents\visual studio 2015\projects\winform_lrsensor\winform_lrsensor\debug\winform_lrsensor.tlog\link.11056.read.1.tlog
c:\users\ywche\documents\visual studio 2015\projects\winform_lrsensor\winform_lrsensor\debug\winform_lrsensor.tlog\link.11056.write.1.tlog
c:\users\ywche\documents\visual studio 2015\projects\winform_lrsensor\winform_lrsensor\debug\winform_lrsensor.tlog\link.13084.14632.read.1.tlog
c:\users\ywche\documents\visual studio 2015\projects\winform_lrsensor\winform_lrsensor\debug\winform_lrsensor.tlog\link.13084.14632.write.1.tlog
c:\users\ywche\documents\visual studio 2015\projects\winform_lrsensor\winform_lrsensor\debug\winform_lrsensor.tlog\link.13084.read.1.tlog
c:\users\ywche\documents\visual studio 2015\projects\winform_lrsensor\winform_lrsensor\debug\winform_lrsensor.tlog\link.13084.write.1.tlog
c:\users\ywche\documents\visual studio 2015\projects\winform_lrsensor\winform_lrsensor\debug\winform_lrsensor.tlog\link.13316.11556-cvtres.read.1.tlog
c:\users\ywche\documents\visual studio 2015\projects\winform_lrsensor\winform_lrsensor\debug\winform_lrsensor.tlog\link.13316.11556-cvtres.write.1.tlog
c:\users\ywche\documents\visual studio 2015\projects\winform_lrsensor\winform_lrsensor\debug\winform_lrsensor.tlog\link.13316.11556-rc.read.1.tlog
c:\users\ywche\documents\visual studio 2015\projects\winform_lrsensor\winform_lrsensor\debug\winform_lrsensor.tlog\link.13316.11556-rc.write.1.tlog
c:\users\ywche\documents\visual studio 2015\projects\winform_lrsensor\winform_lrsensor\debug\winform_lrsensor.tlog\link.13316.11556.read.1.tlog
c:\users\ywche\documents\visual studio 2015\projects\winform_lrsensor\winform_lrsensor\debug\winform_lrsensor.tlog\link.13316.11556.write.1.tlog
c:\users\ywche\documents\visual studio 2015\projects\winform_lrsensor\winform_lrsensor\debug\winform_lrsensor.tlog\link.13316.read.1.tlog
c:\users\ywche\documents\visual studio 2015\projects\winform_lrsensor\winform_lrsensor\debug\winform_lrsensor.tlog\link.13316.write.1.tlog
c:\users\ywche\documents\visual studio 2015\projects\winform_lrsensor\winform_lrsensor\debug\winform_lrsensor.tlog\link.19388.6096-cvtres.read.1.tlog
c:\users\ywche\documents\visual studio 2015\projects\winform_lrsensor\winform_lrsensor\debug\winform_lrsensor.tlog\link.19388.6096-cvtres.write.1.tlog
c:\users\ywche\documents\visual studio 2015\projects\winform_lrsensor\winform_lrsensor\debug\winform_lrsensor.tlog\link.19388.6096-rc.read.1.tlog
c:\users\ywche\documents\visual studio 2015\projects\winform_lrsensor\winform_lrsensor\debug\winform_lrsensor.tlog\link.19388.6096-rc.write.1.tlog
c:\users\ywche\documents\visual studio 2015\projects\winform_lrsensor\winform_lrsensor\debug\winform_lrsensor.tlog\link.19388.6096.read.1.tlog
c:\users\ywche\documents\visual studio 2015\projects\winform_lrsensor\winform_lrsensor\debug\winform_lrsensor.tlog\link.19388.6096.write.1.tlog
c:\users\ywche\documents\visual studio 2015\projects\winform_lrsensor\winform_lrsensor\debug\winform_lrsensor.tlog\link.19388.read.1.tlog
c:\users\ywche\documents\visual studio 2015\projects\winform_lrsensor\winform_lrsensor\debug\winform_lrsensor.tlog\link.19388.write.1.tlog
c:\users\ywche\documents\visual studio 2015\projects\winform_lrsensor\winform_lrsensor\debug\winform_lrsensor.tlog\link.20872.6288-cvtres.read.1.tlog
c:\users\ywche\documents\visual studio 2015\projects\winform_lrsensor\winform_lrsensor\debug\winform_lrsensor.tlog\link.20872.6288-cvtres.write.1.tlog
c:\users\ywche\documents\visual studio 2015\projects\winform_lrsensor\winform_lrsensor\debug\winform_lrsensor.tlog\link.20872.6288-rc.read.1.tlog
c:\users\ywche\documents\visual studio 2015\projects\winform_lrsensor\winform_lrsensor\debug\winform_lrsensor.tlog\link.20872.6288-rc.write.1.tlog
c:\users\ywche\documents\visual studio 2015\projects\winform_lrsensor\winform_lrsensor\debug\winform_lrsensor.tlog\link.20872.6288.read.1.tlog
c:\users\ywche\documents\visual studio 2015\projects\winform_lrsensor\winform_lrsensor\debug\winform_lrsensor.tlog\link.20872.6288.write.1.tlog
c:\users\ywche\documents\visual studio 2015\projects\winform_lrsensor\winform_lrsensor\debug\winform_lrsensor.tlog\link.20872.read.1.tlog
c:\users\ywche\documents\visual studio 2015\projects\winform_lrsensor\winform_lrsensor\debug\winform_lrsensor.tlog\link.20872.write.1.tlog
c:\users\ywche\documents\visual studio 2015\projects\winform_lrsensor\winform_lrsensor\debug\winform_lrsensor.tlog\link.3872.14720-cvtres.read.1.tlog
c:\users\ywche\documents\visual studio 2015\projects\winform_lrsensor\winform_lrsensor\debug\winform_lrsensor.tlog\link.3872.14720-cvtres.write.1.tlog
c:\users\ywche\documents\visual studio 2015\projects\winform_lrsensor\winform_lrsensor\debug\winform_lrsensor.tlog\link.3872.14720-rc.read.1.tlog
c:\users\ywche\documents\visual studio 2015\projects\winform_lrsensor\winform_lrsensor\debug\winform_lrsensor.tlog\link.3872.14720-rc.write.1.tlog
c:\users\ywche\documents\visual studio 2015\projects\winform_lrsensor\winform_lrsensor\debug\winform_lrsensor.tlog\link.3872.14720.read.1.tlog
c:\users\ywche\documents\visual studio 2015\projects\winform_lrsensor\winform_lrsensor\debug\winform_lrsensor.tlog\link.3872.14720.write.1.tlog
c:\users\ywche\documents\visual studio 2015\projects\winform_lrsensor\winform_lrsensor\debug\winform_lrsensor.tlog\link.3872.read.1.tlog
c:\users\ywche\documents\visual studio 2015\projects\winform_lrsensor\winform_lrsensor\debug\winform_lrsensor.tlog\link.3872.write.1.tlog
c:\users\ywche\documents\visual studio 2015\projects\winform_lrsensor\winform_lrsensor\debug\winform_lrsensor.tlog\link.4556.12708-cvtres.read.1.tlog
c:\users\ywche\documents\visual studio 2015\projects\winform_lrsensor\winform_lrsensor\debug\winform_lrsensor.tlog\link.4556.12708-cvtres.write.1.tlog
c:\users\ywche\documents\visual studio 2015\projects\winform_lrsensor\winform_lrsensor\debug\winform_lrsensor.tlog\link.4556.12708-rc.read.1.tlog
c:\users\ywche\documents\visual studio 2015\projects\winform_lrsensor\winform_lrsensor\debug\winform_lrsensor.tlog\link.4556.12708-rc.write.1.tlog
c:\users\ywche\documents\visual studio 2015\projects\winform_lrsensor\winform_lrsensor\debug\winform_lrsensor.tlog\link.4556.12708.read.1.tlog
c:\users\ywche\documents\visual studio 2015\projects\winform_lrsensor\winform_lrsensor\debug\winform_lrsensor.tlog\link.4556.12708.write.1.tlog
c:\users\ywche\documents\visual studio 2015\projects\winform_lrsensor\winform_lrsensor\debug\winform_lrsensor.tlog\link.4556.read.1.tlog
c:\users\ywche\documents\visual studio 2015\projects\winform_lrsensor\winform_lrsensor\debug\winform_lrsensor.tlog\link.4556.write.1.tlog
c:\users\ywche\documents\visual studio 2015\projects\winform_lrsensor\winform_lrsensor\debug\winform_lrsensor.tlog\link.5220.11732-cvtres.read.1.tlog
c:\users\ywche\documents\visual studio 2015\projects\winform_lrsensor\winform_lrsensor\debug\winform_lrsensor.tlog\link.5220.11732-cvtres.write.1.tlog
c:\users\ywche\documents\visual studio 2015\projects\winform_lrsensor\winform_lrsensor\debug\winform_lrsensor.tlog\link.5220.11732-rc.read.1.tlog
c:\users\ywche\documents\visual studio 2015\projects\winform_lrsensor\winform_lrsensor\debug\winform_lrsensor.tlog\link.5220.11732-rc.write.1.tlog
c:\users\ywche\documents\visual studio 2015\projects\winform_lrsensor\winform_lrsensor\debug\winform_lrsensor.tlog\link.5220.11732.read.1.tlog
c:\users\ywche\documents\visual studio 2015\projects\winform_lrsensor\winform_lrsensor\debug\winform_lrsensor.tlog\link.5220.11732.write.1.tlog
c:\users\ywche\documents\visual studio 2015\projects\winform_lrsensor\winform_lrsensor\debug\winform_lrsensor.tlog\link.5220.read.1.tlog
c:\users\ywche\documents\visual studio 2015\projects\winform_lrsensor\winform_lrsensor\debug\winform_lrsensor.tlog\link.5220.write.1.tlog
c:\users\ywche\documents\visual studio 2015\projects\winform_lrsensor\winform_lrsensor\debug\winform_lrsensor.tlog\link.7416.18860-cvtres.read.1.tlog
c:\users\ywche\documents\visual studio 2015\projects\winform_lrsensor\winform_lrsensor\debug\winform_lrsensor.tlog\link.7416.18860-cvtres.write.1.tlog
c:\users\ywche\documents\visual studio 2015\projects\winform_lrsensor\winform_lrsensor\debug\winform_lrsensor.tlog\link.7416.18860-rc.read.1.tlog
c:\users\ywche\documents\visual studio 2015\projects\winform_lrsensor\winform_lrsensor\debug\winform_lrsensor.tlog\link.7416.18860-rc.write.1.tlog
c:\users\ywche\documents\visual studio 2015\projects\winform_lrsensor\winform_lrsensor\debug\winform_lrsensor.tlog\link.7416.18860.read.1.tlog
c:\users\ywche\documents\visual studio 2015\projects\winform_lrsensor\winform_lrsensor\debug\winform_lrsensor.tlog\link.7416.18860.write.1.tlog
c:\users\ywche\documents\visual studio 2015\projects\winform_lrsensor\winform_lrsensor\debug\winform_lrsensor.tlog\link.7416.read.1.tlog
c:\users\ywche\documents\visual studio 2015\projects\winform_lrsensor\winform_lrsensor\debug\winform_lrsensor.tlog\link.7416.write.1.tlog
c:\users\ywche\documents\visual studio 2015\projects\winform_lrsensor\winform_lrsensor\debug\winform_lrsensor.tlog\link.command.1.tlog
c:\users\ywche\documents\visual studio 2015\projects\winform_lrsensor\winform_lrsensor\debug\winform_lrsensor.tlog\link.read.1.tlog
c:\users\ywche\documents\visual studio 2015\projects\winform_lrsensor\winform_lrsensor\debug\winform_lrsensor.tlog\link.write.1.tlog
c:\users\ywche\documents\visual studio 2015\projects\winform_lrsensor\winform_lrsensor\debug\winform_lrsensor.tlog\metagen.read.1.tlog
c:\users\ywche\documents\visual studio 2015\projects\winform_lrsensor\winform_lrsensor\debug\winform_lrsensor.tlog\metagen.write.1.tlog
c:\users\ywche\documents\visual studio 2015\projects\winform_lrsensor\winform_lrsensor\debug\winform_lrsensor.tlog\winform_lrsensor.write.1u.tlog
c:\users\ywche\documents\visual studio 2015\projects\winform_lrsensor\winform_lrsensor\debug\winform_lrsensor.tlog\tzres.dll.bi
